[INFO: run_prediction.py:  546]: Checking or downloading default checkpoints ...
[INFO: common.py:  111]: Using device: cuda
[INFO: common.py:  111]: Using viewagg_device: cuda
[INFO: run_prediction.py:  234]: Running view aggregation on cuda
[INFO: inference.py:  200]: Loading checkpoint /home/yhchoi/24BrainMRI_Preprocessing/checkpoints/aparc_vinn_coronal_v2.0.0.pkl
[INFO: inference.py:  200]: Loading checkpoint /home/yhchoi/24BrainMRI_Preprocessing/checkpoints/aparc_vinn_sagittal_v2.0.0.pkl
[INFO: inference.py:  200]: Loading checkpoint /home/yhchoi/24BrainMRI_Preprocessing/checkpoints/aparc_vinn_axial_v2.0.0.pkl
[INFO: common.py:  820]: Single subject with absolute file path for input.
[INFO: common.py:  875]: Analyzing single subject /mnt/project/intern3_data/SynthSeg/RESAMPLED/510328_1201_3d_t1_tfe_sag_f_gd_Resampled.nii.gz
[INFO: common.py:  970]: Output will be stored in Subjects Directory: /home/yhchoi/24BrainMRI_Preprocessing/Tutorial/sampleFiles
[INFO: run_prediction.py:  310]: Successfully loaded image from /mnt/project/intern3_data/SynthSeg/RESAMPLED/510328_1201_3d_t1_tfe_sag_f_gd_Resampled.nii.gz.
[INFO: run_prediction.py:  418]: Output image directory 001.mgz does not exist. Creating it now...
[INFO: run_prediction.py:  430]: Successfully saved image   as /home/yhchoi/24BrainMRI_Preprocessing/Tutorial/sampleFiles/510328_1201_3d_t1_tfe_sag_f_gd_Resampled.nii.gz/mri/orig/001.mgz.
[INFO: run_prediction.py:  323]: Conforming image
[INFO: run_prediction.py:  430]: Successfully saved image   as /home/yhchoi/24BrainMRI_Preprocessing/Tutorial/sampleFiles/510328_1201_3d_t1_tfe_sag_f_gd_Resampled.nii.gz/mri/orig.mgz.
[INFO: run_prediction.py:  381]: Run coronal prediction
[INFO: dataset.py:   76]: Loading Coronal with input voxelsize (1.0, 1.0)
[INFO: inference.py:  352]: Inference on 256 batches for coronal successful
[INFO: inference.py:  414]: Coronal inference on /mnt/project/intern3_data/SynthSeg/RESAMPLED/510328_1201_3d_t1_tfe_sag_f_gd_Resampled.nii.gz finished in 8.2006 seconds
[INFO: run_prediction.py:  381]: Run sagittal prediction
[INFO: dataset.py:   67]: Loading Sagittal with input voxelsize (1.0, 1.0)
[INFO: inference.py:  352]: Inference on 256 batches for sagittal successful
[INFO: inference.py:  414]: Sagittal inference on /mnt/project/intern3_data/SynthSeg/RESAMPLED/510328_1201_3d_t1_tfe_sag_f_gd_Resampled.nii.gz finished in 6.8048 seconds
[INFO: run_prediction.py:  381]: Run axial prediction
[INFO: dataset.py:   72]: Loading Axial with input voxelsize (1.0, 1.0)
[INFO: inference.py:  352]: Inference on 256 batches for axial successful
[INFO: inference.py:  414]: Axial inference on /mnt/project/intern3_data/SynthSeg/RESAMPLED/510328_1201_3d_t1_tfe_sag_f_gd_Resampled.nii.gz finished in 6.4026 seconds
[INFO: run_prediction.py:  430]: Successfully saved image   as /home/yhchoi/24BrainMRI_Preprocessing/Tutorial/sampleFiles/510328_1201_3d_t1_tfe_sag_f_gd_Resampled.nii.gz/mri/aparc.DKTatlas+aseg.deep.mgz.
[INFO: run_prediction.py:  584]: Creating brainmask based on segmentation...
[INFO: run_prediction.py:  430]: Successfully saved image   as /home/yhchoi/24BrainMRI_Preprocessing/Tutorial/sampleFiles/510328_1201_3d_t1_tfe_sag_f_gd_Resampled.nii.gz/mri/mask.mgz.
[INFO: run_prediction.py:  601]: Creating aseg based on segmentation...
[INFO: run_prediction.py:  430]: Successfully saved image   as /home/yhchoi/24BrainMRI_Preprocessing/Tutorial/sampleFiles/510328_1201_3d_t1_tfe_sag_f_gd_Resampled.nii.gz/mri/aseg.auto_noCCseg.mgz.
[INFO: run_prediction.py:  618]: Running volume-based QC check on segmentation...
